<?xml version="1.0" encoding="UTF-8"?>
<!-- Generated by org.testng.reporters.JUnitReportReporter -->
<testsuite hostname="Monas-MacBook-Pro.local" failures="0" tests="1" name="com.platform.project.tests.ErrorPage1" time="2.882" errors="0" timestamp="21 Aug 2019 17:09:40 GMT">
  <testcase classname="com.platform.project.tests.ErrorPage1" name="verifyLogIn" time="2.882"/>
</testsuite> <!-- com.platform.project.tests.ErrorPage1 -->
