<?xml version="1.0" encoding="UTF-8"?>
<!-- Generated by org.testng.reporters.JUnitReportReporter -->
<testsuite hostname="Monas-MacBook-Pro.local" failures="0" tests="1" name="com.platform.project.tests.HomePage" time="4.237" errors="0" timestamp="21 Aug 2019 22:11:03 GMT">
  <testcase classname="com.platform.project.tests.HomePage" name="verifyLogIn" time="4.237"/>
</testsuite> <!-- com.platform.project.tests.HomePage -->
