<?xml version="1.0" encoding="UTF-8"?>
<!-- Generated by org.testng.reporters.JUnitReportReporter -->
<testsuite hostname="Monas-MacBook-Pro.local" failures="0" tests="1" name="com.platform.project.tests.ErrorPage4" time="5.346" errors="0" timestamp="21 Aug 2019 17:46:10 GMT">
  <testcase classname="com.platform.project.tests.ErrorPage4" name="verifyLogIn" time="5.346"/>
</testsuite> <!-- com.platform.project.tests.ErrorPage4 -->
