<?xml version="1.0" encoding="UTF-8"?>
<!-- Generated by org.testng.reporters.JUnitReportReporter -->
<testsuite hostname="Monas-MacBook-Pro.local" failures="0" tests="1" name="com.platform.project.tests.ErrorPage3" time="4.911" errors="0" timestamp="21 Aug 2019 17:31:55 GMT">
  <testcase classname="com.platform.project.tests.ErrorPage3" name="verifyLogIn" time="4.911"/>
</testsuite> <!-- com.platform.project.tests.ErrorPage3 -->
