<?xml version="1.0" encoding="UTF-8"?>
<!-- Generated by org.testng.reporters.JUnitReportReporter -->
<testsuite hostname="Monas-MacBook-Pro.local" failures="0" tests="1" name="com.platform.project.tests.ErrorPage2" time="3.096" errors="0" timestamp="21 Aug 2019 17:25:08 GMT">
  <testcase classname="com.platform.project.tests.ErrorPage2" name="verifyLogIn" time="3.096"/>
</testsuite> <!-- com.platform.project.tests.ErrorPage2 -->
